<?xml version="1.0" encoding="UTF-8"?>
<coverage generated="1689774037972" clover="3.2.0">
  <project timestamp="1689774037972" name="All files">
    <metrics statements="31" coveredstatements="29" conditionals="6" coveredconditionals="4" methods="12" coveredmethods="9" elements="49" coveredelements="42" complexity="0" loc="31" ncloc="31" packages="2" files="7" classes="7"/>
    <package name="module">
      <metrics statements="26" coveredstatements="24" conditionals="4" coveredconditionals="3" methods="10" coveredmethods="7"/>
      <file name="addData.js" path="C:\Users\Najafi\Desktop\repos\To-Do-List\src\module\addData.js">
        <metrics statements="5" coveredstatements="5" conditionals="2" coveredconditionals="1" methods="1" coveredmethods="1"/>
        <line num="5" count="1" type="stmt"/>
        <line num="6" count="1" type="stmt"/>
        <line num="8" count="1" type="cond" truecount="1" falsecount="1"/>
        <line num="9" count="1" type="stmt"/>
        <line num="11" count="1" type="stmt"/>
      </file>
      <file name="classData.js" path="C:\Users\Najafi\Desktop\repos\To-Do-List\src\module\classData.js">
        <metrics statements="3" coveredstatements="3" conditionals="0" coveredconditionals="0" methods="1" coveredmethods="1"/>
        <line num="3" count="1" type="stmt"/>
        <line num="4" count="1" type="stmt"/>
        <line num="5" count="1" type="stmt"/>
      </file>
      <file name="clearAllData.js" path="C:\Users\Najafi\Desktop\repos\To-Do-List\src\module\clearAllData.js">
        <metrics statements="5" coveredstatements="4" conditionals="0" coveredconditionals="0" methods="3" coveredmethods="2"/>
        <line num="4" count="1" type="stmt"/>
        <line num="5" count="1" type="stmt"/>
        <line num="6" count="1" type="stmt"/>
        <line num="7" count="0" type="stmt"/>
        <line num="9" count="1" type="stmt"/>
      </file>
      <file name="deleteData.js" path="C:\Users\Najafi\Desktop\repos\To-Do-List\src\module\deleteData.js">
        <metrics statements="6" coveredstatements="5" conditionals="0" coveredconditionals="0" methods="3" coveredmethods="1"/>
        <line num="3" count="1" type="stmt"/>
        <line num="4" count="1" type="stmt"/>
        <line num="5" count="1" type="stmt"/>
        <line num="6" count="1" type="stmt"/>
        <line num="7" count="0" type="stmt"/>
        <line num="9" count="1" type="stmt"/>
      </file>
      <file name="getData.js" path="C:\Users\Najafi\Desktop\repos\To-Do-List\src\module\getData.js">
        <metrics statements="3" coveredstatements="3" conditionals="2" coveredconditionals="2" methods="1" coveredmethods="1"/>
        <line num="1" count="1" type="stmt"/>
        <line num="2" count="9" type="cond" truecount="2" falsecount="0"/>
        <line num="4" count="9" type="stmt"/>
      </file>
      <file name="setdata.js" path="C:\Users\Najafi\Desktop\repos\To-Do-List\src\module\setdata.js">
        <metrics statements="4" coveredstatements="4" conditionals="0" coveredconditionals="0" methods="1" coveredmethods="1"/>
        <line num="4" count="1" type="stmt"/>
        <line num="5" count="1" type="stmt"/>
        <line num="6" count="1" type="stmt"/>
        <line num="8" count="1" type="stmt"/>
      </file>
    </package>
    <package name="test">
      <metrics statements="5" coveredstatements="5" conditionals="2" coveredconditionals="1" methods="2" coveredmethods="2"/>
      <file name="testCheckData.js" path="C:\Users\Najafi\Desktop\repos\To-Do-List\src\test\testCheckData.js">
        <metrics statements="5" coveredstatements="5" conditionals="2" coveredconditionals="1" methods="2" coveredmethods="2"/>
        <line num="4" count="1" type="stmt"/>
        <line num="5" count="1" type="stmt"/>
        <line num="6" count="1" type="cond" truecount="1" falsecount="1"/>
        <line num="7" count="1" type="stmt"/>
        <line num="10" count="1" type="stmt"/>
      </file>
    </package>
  </project>
</coverage>
