{"C:\\Users\\Najafi\\Desktop\\repos\\To-Do-List\\src\\module\\addData.js": {"path":"C:\\Users\\Najafi\\Desktop\\repos\\To-Do-List\\src\\module\\addData.js","statementMap":{"0":{"start":{"line":5,"column":16},"end":{"line":13,"column":1}},"1":{"start":{"line":6,"column":15},"end":{"line":6,"column":24}},"2":{"start":{"line":8,"column":2},"end":{"line":12,"column":3}},"3":{"start":{"line":9,"column":20},"end":{"line":9,"column":59}},"4":{"start":{"line":11,"column":4},"end":{"line":11,"column":21}}},"fnMap":{"0":{"name":"(anonymous_0)","decl":{"start":{"line":5,"column":16},"end":{"line":5,"column":17}},"loc":{"start":{"line":5,"column":26},"end":{"line":13,"column":1}},"line":5}},"branchMap":{"0":{"loc":{"start":{"line":8,"column":2},"end":{"line":12,"column":3}},"type":"if","locations":[{"start":{"line":8,"column":2},"end":{"line":12,"column":3}},{"start":{},"end":{}}],"line":8}},"s":{"0":1,"1":1,"2":1,"3":1,"4":1},"f":{"0":1},"b":{"0":[1,0]},"_coverageSchema":"1a1c01bbd47fc00a2c39e90264f33305004495a9","hash":"2f689d395a63002291ae273445b787358573dd80"}
,"C:\\Users\\Najafi\\Desktop\\repos\\To-Do-List\\src\\module\\classData.js": {"path":"C:\\Users\\Najafi\\Desktop\\repos\\To-Do-List\\src\\module\\classData.js","statementMap":{"0":{"start":{"line":3,"column":4},"end":{"line":3,"column":35}},"1":{"start":{"line":4,"column":4},"end":{"line":4,"column":31}},"2":{"start":{"line":5,"column":4},"end":{"line":5,"column":23}}},"fnMap":{"0":{"name":"(anonymous_0)","decl":{"start":{"line":2,"column":2},"end":{"line":2,"column":3}},"loc":{"start":{"line":2,"column":45},"end":{"line":6,"column":3}},"line":2}},"branchMap":{},"s":{"0":1,"1":1,"2":1},"f":{"0":1},"b":{},"_coverageSchema":"1a1c01bbd47fc00a2c39e90264f33305004495a9","hash":"280ee60210a8ef023a5cad932578bc1c536f204b"}
,"C:\\Users\\Najafi\\Desktop\\repos\\To-Do-List\\src\\module\\clearAllData.js": {"path":"C:\\Users\\Najafi\\Desktop\\repos\\To-Do-List\\src\\module\\clearAllData.js","statementMap":{"0":{"start":{"line":4,"column":15},"end":{"line":4,"column":24}},"1":{"start":{"line":5,"column":20},"end":{"line":5,"column":67}},"2":{"start":{"line":5,"column":42},"end":{"line":5,"column":66}},"3":{"start":{"line":6,"column":2},"end":{"line":8,"column":5}},"4":{"start":{"line":7,"column":4},"end":{"line":7,"column":27}},"5":{"start":{"line":9,"column":2},"end":{"line":9,"column":59}}},"fnMap":{"0":{"name":"clearAllData","decl":{"start":{"line":3,"column":9},"end":{"line":3,"column":21}},"loc":{"start":{"line":3,"column":24},"end":{"line":10,"column":1}},"line":3},"1":{"name":"(anonymous_1)","decl":{"start":{"line":5,"column":32},"end":{"line":5,"column":33}},"loc":{"start":{"line":5,"column":42},"end":{"line":5,"column":66}},"line":5},"2":{"name":"(anonymous_2)","decl":{"start":{"line":6,"column":20},"end":{"line":6,"column":21}},"loc":{"start":{"line":6,"column":37},"end":{"line":8,"column":3}},"line":6}},"branchMap":{},"s":{"0":1,"1":1,"2":1,"3":1,"4":0,"5":1},"f":{"0":1,"1":1,"2":0},"b":{},"_coverageSchema":"1a1c01bbd47fc00a2c39e90264f33305004495a9","hash":"c897457438a914f11af142c2dab3d0efda395cf8"}
,"C:\\Users\\Najafi\\Desktop\\repos\\To-Do-List\\src\\module\\deleteData.js": {"path":"C:\\Users\\Najafi\\Desktop\\repos\\To-Do-List\\src\\module\\deleteData.js","statementMap":{"0":{"start":{"line":3,"column":34},"end":{"line":10,"column":1}},"1":{"start":{"line":4,"column":15},"end":{"line":4,"column":24}},"2":{"start":{"line":5,"column":21},"end":{"line":5,"column":70}},"3":{"start":{"line":5,"column":43},"end":{"line":5,"column":69}},"4":{"start":{"line":6,"column":2},"end":{"line":8,"column":5}},"5":{"start":{"line":7,"column":4},"end":{"line":7,"column":27}},"6":{"start":{"line":9,"column":2},"end":{"line":9,"column":60}}},"fnMap":{"0":{"name":"(anonymous_0)","decl":{"start":{"line":3,"column":34},"end":{"line":3,"column":35}},"loc":{"start":{"line":3,"column":45},"end":{"line":10,"column":1}},"line":3},"1":{"name":"(anonymous_1)","decl":{"start":{"line":5,"column":33},"end":{"line":5,"column":34}},"loc":{"start":{"line":5,"column":43},"end":{"line":5,"column":69}},"line":5},"2":{"name":"(anonymous_2)","decl":{"start":{"line":6,"column":21},"end":{"line":6,"column":22}},"loc":{"start":{"line":6,"column":38},"end":{"line":8,"column":3}},"line":6}},"branchMap":{},"s":{"0":1,"1":1,"2":1,"3":0,"4":1,"5":0,"6":1},"f":{"0":1,"1":0,"2":0},"b":{},"_coverageSchema":"1a1c01bbd47fc00a2c39e90264f33305004495a9","hash":"c7343e30b0583cc6b3eafa615c47eebecadb6aa4"}
,"C:\\Users\\Najafi\\Desktop\\repos\\To-Do-List\\src\\module\\getData.js": {"path":"C:\\Users\\Najafi\\Desktop\\repos\\To-Do-List\\src\\module\\getData.js","statementMap":{"0":{"start":{"line":1,"column":16},"end":{"line":5,"column":1}},"1":{"start":{"line":2,"column":16},"end":{"line":2,"column":63}},"2":{"start":{"line":4,"column":2},"end":{"line":4,"column":15}}},"fnMap":{"0":{"name":"(anonymous_0)","decl":{"start":{"line":1,"column":16},"end":{"line":1,"column":17}},"loc":{"start":{"line":1,"column":22},"end":{"line":5,"column":1}},"line":1}},"branchMap":{"0":{"loc":{"start":{"line":2,"column":16},"end":{"line":2,"column":63}},"type":"binary-expr","locations":[{"start":{"line":2,"column":16},"end":{"line":2,"column":57}},{"start":{"line":2,"column":61},"end":{"line":2,"column":63}}],"line":2}},"s":{"0":1,"1":9,"2":9},"f":{"0":9},"b":{"0":[9,2]},"_coverageSchema":"1a1c01bbd47fc00a2c39e90264f33305004495a9","hash":"1dfc38626cc04adf996cd2be3953cf4faf374d65"}
,"C:\\Users\\Najafi\\Desktop\\repos\\To-Do-List\\src\\module\\setdata.js": {"path":"C:\\Users\\Najafi\\Desktop\\repos\\To-Do-List\\src\\module\\setdata.js","statementMap":{"0":{"start":{"line":4,"column":16},"end":{"line":11,"column":1}},"1":{"start":{"line":5,"column":18},"end":{"line":5,"column":27}},"2":{"start":{"line":6,"column":2},"end":{"line":6,"column":21}},"3":{"start":{"line":8,"column":2},"end":{"line":8,"column":57}}},"fnMap":{"0":{"name":"(anonymous_0)","decl":{"start":{"line":4,"column":16},"end":{"line":4,"column":17}},"loc":{"start":{"line":4,"column":26},"end":{"line":11,"column":1}},"line":4}},"branchMap":{},"s":{"0":1,"1":1,"2":1,"3":1},"f":{"0":1},"b":{},"_coverageSchema":"1a1c01bbd47fc00a2c39e90264f33305004495a9","hash":"93b4ba193b8df2b97fd31cbcaff3060efe6861cb"}
,"C:\\Users\\Najafi\\Desktop\\repos\\To-Do-List\\src\\test\\testCheckData.js": {"path":"C:\\Users\\Najafi\\Desktop\\repos\\To-Do-List\\src\\test\\testCheckData.js","statementMap":{"0":{"start":{"line":4,"column":15},"end":{"line":4,"column":24}},"1":{"start":{"line":5,"column":2},"end":{"line":9,"column":5}},"2":{"start":{"line":6,"column":4},"end":{"line":8,"column":5}},"3":{"start":{"line":7,"column":6},"end":{"line":7,"column":29}},"4":{"start":{"line":10,"column":2},"end":{"line":10,"column":54}}},"fnMap":{"0":{"name":"testCheckBoxValue","decl":{"start":{"line":3,"column":9},"end":{"line":3,"column":26}},"loc":{"start":{"line":3,"column":34},"end":{"line":11,"column":1}},"line":3},"1":{"name":"(anonymous_1)","decl":{"start":{"line":5,"column":15},"end":{"line":5,"column":16}},"loc":{"start":{"line":5,"column":25},"end":{"line":9,"column":3}},"line":5}},"branchMap":{"0":{"loc":{"start":{"line":6,"column":4},"end":{"line":8,"column":5}},"type":"if","locations":[{"start":{"line":6,"column":4},"end":{"line":8,"column":5}},{"start":{},"end":{}}],"line":6}},"s":{"0":1,"1":1,"2":1,"3":1,"4":1},"f":{"0":1,"1":1},"b":{"0":[1,0]},"_coverageSchema":"1a1c01bbd47fc00a2c39e90264f33305004495a9","hash":"bebdef6ac05aaf01fd7957151ea7b04c35a935b1"}
}
